<?xml version="1.0" encoding="UTF-8"?>
<!-- Generated by org.testng.reporters.JUnitReportReporter -->
<testsuite hostname="LAPTOP-8DMJNPKO" failures="0" tests="1" name="batch7TestNGProject1.B7NGProject1.NewTest" time="25.079" errors="0" timestamp="19 Aug 2023 15:29:58 GMT" skipped="0">
  <testcase classname="batch7TestNGProject1.B7NGProject1.NewTest" name="fbtextTestCase" time="25.079"/>
</testsuite> <!-- batch7TestNGProject1.B7NGProject1.NewTest -->
