<?xml version="1.0" encoding="UTF-8"?>
<!-- Generated by org.testng.reporters.JUnitReportReporter -->
<testsuite hostname="LAPTOP-8DMJNPKO" failures="0" tests="2" name="batch7TestNGProject1.B7NGProject1.NewTestdp" time="37.874" errors="0" timestamp="19 Aug 2023 14:58:37 GMT" skipped="0">
  <testcase classname="batch7TestNGProject1.B7NGProject1.NewTestdp" name="f" time="18.488"/>
  <testcase classname="batch7TestNGProject1.B7NGProject1.NewTestdp" name="f" time="19.386"/>
</testsuite> <!-- batch7TestNGProject1.B7NGProject1.NewTestdp -->
